# PoseStamped log (one line per frame)
# fields: frame_index | has_person | t_ms | frame_id | conf | yaw_deg | qw qx qy qz | status | pos_xyz_m | translation_source | note
000000 | 0 | 0.00 | camera_optical_frame | NA | NA | 0.000000 0.000000 0.000000 0.000000 | SKIP:no_person | NA | none | gap/no_person
000001 | 0 | 41.67 | camera_optical_frame | NA | NA | 0.000000 0.000000 0.000000 0.000000 | SKIP:no_person | NA | none | gap/no_person
000002 | 0 | 83.33 | camera_optical_frame | NA | NA | 0.000000 0.000000 0.000000 0.000000 | SKIP:no_person | NA | none | gap/no_person
000003 | 0 | 125.00 | camera_optical_frame | NA | NA | 0.000000 0.000000 0.000000 0.000000 | SKIP:no_person | NA | none | gap/no_person
000004 | 0 | 166.67 | camera_optical_frame | NA | NA | 0.000000 0.000000 0.000000 0.000000 | SKIP:no_person | NA | none | gap/no_person
000005 | 0 | 208.33 | camera_optical_frame | NA | NA | 0.000000 0.000000 0.000000 0.000000 | SKIP:no_person | NA | none | gap/no_person
000006 | 0 | 250.00 | camera_optical_frame | NA | NA | 0.000000 0.000000 0.000000 0.000000 | SKIP:no_person | NA | none | gap/no_person
000007 | 0 | 291.67 | camera_optical_frame | NA | NA | 0.000000 0.000000 0.000000 0.000000 | SKIP:no_person | NA | none | gap/no_person
000008 | 0 | 333.33 | camera_optical_frame | NA | NA | 0.000000 0.000000 0.000000 0.000000 | SKIP:no_person | NA | none | gap/no_person
000009 | 0 | 375.00 | camera_optical_frame | NA | NA | 0.000000 0.000000 0.000000 0.000000 | SKIP:no_person | NA | none | gap/no_person
000010 | 0 | 416.67 | camera_optical_frame | NA | NA | 0.000000 0.000000 0.000000 0.000000 | SKIP:no_person | NA | none | gap/no_person
000011 | 0 | 458.33 | camera_optical_frame | NA | NA | 0.000000 0.000000 0.000000 0.000000 | SKIP:no_person | NA | none | gap/no_person
000012 | 0 | 500.00 | camera_optical_frame | NA | NA | 0.000000 0.000000 0.000000 0.000000 | SKIP:no_person | NA | none | gap/no_person
000013 | 0 | 541.67 | camera_optical_frame | NA | NA | 0.000000 0.000000 0.000000 0.000000 | SKIP:no_person | NA | none | gap/no_person
000014 | 0 | 583.33 | camera_optical_frame | NA | NA | 0.000000 0.000000 0.000000 0.000000 | SKIP:no_person | NA | none | gap/no_person
000015 | 0 | 625.00 | camera_optical_frame | NA | NA | 0.000000 0.000000 0.000000 0.000000 | SKIP:no_person | NA | none | gap/no_person
000016 | 0 | 666.67 | camera_optical_frame | NA | NA | 0.000000 0.000000 0.000000 0.000000 | SKIP:no_person | NA | none | gap/no_person
000017 | 0 | 708.33 | camera_optical_frame | NA | NA | 0.000000 0.000000 0.000000 0.000000 | SKIP:no_person | NA | none | gap/no_person
000018 | 0 | 750.00 | camera_optical_frame | NA | NA | 0.000000 0.000000 0.000000 0.000000 | SKIP:no_person | NA | none | gap/no_person
000019 | 0 | 791.67 | camera_optical_frame | NA | NA | 0.000000 0.000000 0.000000 0.000000 | SKIP:no_person | NA | none | gap/no_person
000020 | 0 | 833.33 | camera_optical_frame | NA | NA | 0.000000 0.000000 0.000000 0.000000 | SKIP:no_person | NA | none | gap/no_person
000021 | 0 | 875.00 | camera_optical_frame | NA | NA | 0.000000 0.000000 0.000000 0.000000 | SKIP:no_person | NA | none | gap/no_person
000022 | 0 | 916.67 | camera_optical_frame | NA | NA | 0.000000 0.000000 0.000000 0.000000 | SKIP:no_person | NA | none | gap/no_person
000023 | 0 | 958.33 | camera_optical_frame | NA | NA | 0.000000 0.000000 0.000000 0.000000 | SKIP:no_person | NA | none | gap/no_person
000024 | 0 | 1000.00 | camera_optical_frame | NA | NA | 0.000000 0.000000 0.000000 0.000000 | SKIP:no_person | NA | none | gap/no_person
000025 | 1 | 1041.67 | camera_optical_frame | 1.000000 | 17.593546 | 0.944467 0.039739177 0.32155466 0.054822274 | OK | NA | none | ok
000026 | 1 | 1083.33 | camera_optical_frame | 1.000000 | 21.137474 | 0.9348716 0.035262924 0.34937817 0.052024662 | OK | NA | none | ok
000027 | 1 | 1125.00 | camera_optical_frame | 1.000000 | 21.505690 | 0.9307954 0.028225048 0.36117792 0.048721936 | OK | NA | none | ok
000028 | 1 | 1166.67 | camera_optical_frame | 1.000000 | 24.104265 | 0.9202439 0.019372148 0.3884739 0.04317328 | OK | NA | none | ok
000029 | 1 | 1208.33 | camera_optical_frame | 1.000000 | 22.559434 | 0.9221267 0.014024201 0.38496962 0.035834827 | OK | NA | none | ok
000030 | 1 | 1250.00 | camera_optical_frame | 1.000000 | 23.175255 | 0.92085326 0.0063670403 0.3888528 0.027967913 | OK | NA | none | ok
000031 | 1 | 1291.67 | camera_optical_frame | 1.000000 | 20.555481 | 0.93043536 0.004837789 0.3657249 0.022627119 | OK | NA | none | ok
000032 | 1 | 1333.33 | camera_optical_frame | 1.000000 | 20.328849 | 0.93535167 0.00038159057 0.35312003 0.020573817 | OK | NA | none | ok
000033 | 1 | 1375.00 | camera_optical_frame | 1.000000 | 19.912713 | 0.9389017 -0.0023481103 0.34360084 0.019912522 | OK | NA | none | ok
000034 | 1 | 1416.67 | camera_optical_frame | 1.000000 | 19.808642 | 0.94078666 -0.004912408 0.33841547 0.019271642 | OK | NA | none | ok
000035 | 1 | 1458.33 | camera_optical_frame | 1.000000 | 21.040829 | 0.9370919 -0.005742229 0.34846997 0.019863004 | OK | NA | none | ok
000036 | 1 | 1500.00 | camera_optical_frame | 1.000000 | 22.052242 | 0.9318348 -0.007975957 0.36227608 0.019399608 | OK | NA | none | ok
000037 | 1 | 1541.67 | camera_optical_frame | 1.000000 | 23.162740 | 0.92518574 -0.008536413 0.37895653 0.018721923 | OK | NA | none | ok
000038 | 1 | 1583.33 | camera_optical_frame | 1.000000 | 24.523630 | 0.9170214 -0.011977203 0.39821804 0.018729158 | OK | NA | none | ok
000039 | 1 | 1625.00 | camera_optical_frame | 1.000000 | 26.837477 | 0.9035864 -0.013911894 0.42769513 0.02037374 | OK | NA | none | ok
000040 | 1 | 1666.67 | camera_optical_frame | 1.000000 | 29.164310 | 0.88734066 -0.01666449 0.4601686 0.024366766 | OK | NA | none | ok
000041 | 1 | 1708.33 | camera_optical_frame | 1.000000 | 31.347130 | 0.8692876 -0.017747173 0.4932863 0.026319833 | OK | NA | none | ok
000042 | 1 | 1750.00 | camera_optical_frame | 1.000000 | 33.121618 | 0.85193175 -0.01879328 0.5226526 0.026330572 | OK | NA | none | ok
000043 | 1 | 1791.67 | camera_optical_frame | 1.000000 | 34.343904 | 0.83778125 -0.021069055 0.54497033 0.02619356 | OK | NA | none | ok
000044 | 1 | 1833.33 | camera_optical_frame | 1.000000 | 39.920826 | 0.7977897 -0.02715085 0.6018072 0.024950355 | OK | NA | none | ok
000045 | 1 | 1875.00 | camera_optical_frame | 1.000000 | 45.418718 | 0.74276924 -0.03013207 0.66854537 0.020807233 | OK | NA | none | ok
000046 | 1 | 1916.67 | camera_optical_frame | 1.000000 | 51.900754 | 0.6698418 -0.031779896 0.74169415 0.013848141 | OK | NA | none | ok
000047 | 1 | 1958.33 | camera_optical_frame | 1.000000 | 58.970962 | 0.5796638 -0.032897417 0.8141803 0.0042573093 | OK | NA | none | ok
000048 | 1 | 2000.00 | camera_optical_frame | 1.000000 | 67.889797 | 0.3212003 -0.020009223 0.49838835 0.8050087 | OK | NA | none | ok
000049 | 1 | 2041.67 | camera_optical_frame | 1.000000 | 76.977847 | 0.20989335 -0.8154512 0.26273045 0.4711229 | OK | NA | none | ok
000050 | 1 | 2083.33 | camera_optical_frame | 1.000000 | 85.944260 | 0.108658396 -0.96959233 0.089578696 0.20014898 | OK | NA | none | ok
000051 | 1 | 2125.00 | camera_optical_frame | 1.000000 | 94.115961 | 0.070287935 -0.99409145 0.011524086 0.081908256 | OK | NA | none | ok
000052 | 1 | 2166.67 | camera_optical_frame | 1.000000 | 101.780171 | 0.0036344195 -0.5613626 0.035713825 0.82679105 | OK | NA | none | ok
000053 | 1 | 2208.33 | camera_optical_frame | 1.000000 | 109.697881 | -0.025074333 -0.2375455 0.033748716 0.97046614 | OK | NA | none | ok
000054 | 1 | 2250.00 | camera_optical_frame | 1.000000 | 116.024167 | -0.03253144 -0.097236566 0.027591817 0.99434674 | OK | NA | none | ok
000055 | 1 | 2291.67 | camera_optical_frame | 1.000000 | 122.622516 | -0.03300326 -0.040556975 0.02194913 0.9983908 | OK | NA | none | ok
000056 | 1 | 2333.33 | camera_optical_frame | 1.000000 | 128.007274 | -0.03212184 -0.018053427 0.01796218 0.99915946 | OK | NA | none | ok
000057 | 1 | 2375.00 | camera_optical_frame | 1.000000 | 132.320552 | -0.02118465 -0.008154758 0.010835318 0.9996836 | OK | NA | none | ok
000058 | 1 | 2416.67 | camera_optical_frame | 1.000000 | 135.992124 | -0.01403573 -0.0039412244 0.006555589 0.99987227 | OK | NA | none | ok
000059 | 1 | 2458.33 | camera_optical_frame | 1.000000 | 140.925689 | -0.012703461 -0.0025226886 0.005103012 0.99990314 | OK | NA | none | ok
000060 | 1 | 2500.00 | camera_optical_frame | 1.000000 | 144.973631 | -0.019291932 -0.0030225124 0.006465964 0.9997884 | OK | NA | none | ok
000061 | 1 | 2541.67 | camera_optical_frame | 1.000000 | 148.093308 | -0.02705834 -0.00406078 0.008048885 0.99959326 | OK | NA | none | ok
000062 | 1 | 2583.33 | camera_optical_frame | 1.000000 | 150.295808 | -0.026092935 -0.0039298073 0.0072110426 0.9996258 | OK | NA | none | ok
000063 | 1 | 2625.00 | camera_optical_frame | 1.000000 | 151.429832 | -0.02016314 -0.0030305122 0.005319942 0.999778 | OK | NA | none | ok
000064 | 1 | 2666.67 | camera_optical_frame | 1.000000 | 152.819733 | -0.01424073 -0.002097674 0.003596247 0.99988997 | OK | NA | none | ok
000065 | 1 | 2708.33 | camera_optical_frame | 1.000000 | 153.907762 | -0.008185245 -0.0011699982 0.002006206 0.9999638 | OK | NA | none | ok
000066 | 1 | 2750.00 | camera_optical_frame | 1.000000 | 154.414329 | -0.0055045513 -0.0007374648 0.0013023824 0.9999837 | OK | NA | none | ok
000067 | 1 | 2791.67 | camera_optical_frame | 1.000000 | 154.493739 | 0.0024239805 0.00020524177 -0.0005125405 0.9999969 | OK | NA | none | ok
000068 | 1 | 2833.33 | camera_optical_frame | 1.000000 | 154.406289 | 0.007972872 0.0007368679 -0.0017788935 0.9999664 | OK | NA | none | ok
000069 | 1 | 2875.00 | camera_optical_frame | 1.000000 | 153.964227 | 0.017477356 0.0015433291 -0.0039773188 0.9998382 | OK | NA | none | ok
000070 | 1 | 2916.67 | camera_optical_frame | 1.000000 | 155.060323 | 0.01936474 0.0017299767 -0.004295511 0.99980175 | OK | NA | none | ok
000071 | 1 | 2958.33 | camera_optical_frame | 1.000000 | 153.842994 | 0.01205538 0.0010899616 -0.002709895 0.9999231 | OK | NA | none | ok
000072 | 1 | 3000.00 | camera_optical_frame | 1.000000 | 153.951833 | 0.018440725 0.0015653068 -0.004201738 0.99981993 | OK | NA | none | ok
000073 | 1 | 3041.67 | camera_optical_frame | 1.000000 | 151.493637 | 0.02838588 0.0021792355 -0.006966474 0.9995704 | OK | NA | none | ok
000074 | 1 | 3083.33 | camera_optical_frame | 1.000000 | 150.510348 | 0.03085893 0.0021842204 -0.007879604 0.9994903 | OK | NA | none | ok
000075 | 1 | 3125.00 | camera_optical_frame | 1.000000 | 148.375018 | 0.0379161 0.0026809215 -0.010328651 0.99922395 | OK | NA | none | ok
000076 | 1 | 3166.67 | camera_optical_frame | 1.000000 | 147.808765 | 0.05186792 0.0038448144 -0.014598597 0.99853987 | OK | NA | none | ok
000077 | 1 | 3208.33 | camera_optical_frame | 1.000000 | 144.760207 | 0.06275427 0.0051454697 -0.018995319 0.997835 | OK | NA | none | ok
000078 | 1 | 3250.00 | camera_optical_frame | 1.000000 | 141.848862 | 0.06868392 0.006170721 -0.022438975 0.99736696 | OK | NA | none | ok
000079 | 1 | 3291.67 | camera_optical_frame | 1.000000 | 136.647194 | 0.063808754 0.0062136506 -0.023204256 0.99767303 | OK | NA | none | ok
000080 | 1 | 3333.33 | camera_optical_frame | 1.000000 | 137.577849 | 0.040604927 0.0039044102 -0.01507538 0.99905396 | OK | NA | none | ok
000081 | 1 | 3375.00 | camera_optical_frame | 1.000000 | 131.454229 | 0.0139861265 0.0013595434 -0.0050189844 0.9998887 | OK | NA | none | ok
000082 | 1 | 3416.67 | camera_optical_frame | 1.000000 | 126.764301 | -0.011650621 -0.00089975895 0.006604488 0.99990994 | OK | NA | none | ok
000083 | 1 | 3458.33 | camera_optical_frame | 1.000000 | 118.425996 | -0.03432466 -0.0026427528 0.020290228 0.9992013 | OK | NA | none | ok
000084 | 1 | 3500.00 | camera_optical_frame | 1.000000 | 111.255011 | -0.03861962 -0.0028920048 0.025108978 0.9989343 | OK | NA | none | ok
000085 | 1 | 3541.67 | camera_optical_frame | 1.000000 | 105.837916 | -0.03878876 -0.00263213 0.02766204 0.998861 | OK | NA | none | ok
000086 | 1 | 3583.33 | camera_optical_frame | 1.000000 | 104.885867 | -0.02629565 -0.0017681877 0.019334465 0.99946564 | OK | NA | none | ok
000087 | 1 | 3625.00 | camera_optical_frame | 1.000000 | 105.411486 | -0.0065615517 -0.0004771594 0.00472687 0.9999672 | OK | NA | none | ok
000088 | 1 | 3666.67 | camera_optical_frame | 1.000000 | 103.457850 | 0.0009121337 -5.2195053e-05 -0.00089675945 0.9999992 | OK | NA | none | ok
000089 | 1 | 3708.33 | camera_optical_frame | 1.000000 | 100.491854 | 0.029114272 0.0015538727 -0.024242047 0.9992809 | OK | NA | none | ok
000090 | 1 | 3750.00 | camera_optical_frame | 1.000000 | 90.485281 | -0.022686392 0.8074479 0.025218723 0.5889629 | OK | NA | none | ok
000091 | 1 | 3791.67 | camera_optical_frame | 1.000000 | 84.331032 | -0.028387565 0.96725124 0.03144078 0.25026134 | OK | NA | none | ok
000092 | 1 | 3833.33 | camera_optical_frame | 1.000000 | 74.541430 | -0.023677722 0.9941025 0.028777938 0.10184056 | OK | NA | none | ok
000093 | 1 | 3875.00 | camera_optical_frame | 1.000000 | 70.002183 | -0.01565188 0.9988167 0.02035626 0.04130148 | OK | NA | none | ok
000094 | 1 | 3916.67 | camera_optical_frame | 1.000000 | 67.775389 | -0.006563403 0.99980444 0.008594276 0.016557645 | OK | NA | none | ok
000095 | 1 | 3958.33 | camera_optical_frame | 1.000000 | 63.006090 | -0.009437821 0.99981934 0.014628134 0.0076346914 | OK | NA | none | ok
000096 | 1 | 4000.00 | camera_optical_frame | 1.000000 | 56.918437 | 0.44505906 0.58470523 0.67309827 0.08355219 | OK | NA | none | ok
000097 | 1 | 4041.67 | camera_optical_frame | 1.000000 | 57.728545 | 0.5335422 0.24427447 0.80279326 0.105762534 | OK | NA | none | ok
000098 | 1 | 4083.33 | camera_optical_frame | 1.000000 | 51.033380 | 0.6045365 0.10207521 0.7827641 0.10675542 | OK | NA | none | ok
000099 | 1 | 4125.00 | camera_optical_frame | 1.000000 | 55.108523 | 0.6006135 0.03833278 0.789184 0.122403674 | OK | NA | none | ok
000100 | 1 | 4166.67 | camera_optical_frame | 1.000000 | 46.948090 | 0.6644971 0.015669249 0.7368697 0.12337446 | OK | NA | none | ok
000101 | 1 | 4208.33 | camera_optical_frame | 1.000000 | 43.785863 | 0.7145234 0.0065109115 0.6881159 0.1261368 | OK | NA | none | ok
000102 | 1 | 4250.00 | camera_optical_frame | 1.000000 | 40.395895 | 0.7553976 0.00887618 0.6433432 0.12411785 | OK | NA | none | ok
000103 | 1 | 4291.67 | camera_optical_frame | 1.000000 | 38.691262 | 0.77792835 0.017475627 0.6172305 0.11639851 | OK | NA | none | ok
000104 | 1 | 4333.33 | camera_optical_frame | 1.000000 | 34.029124 | 0.8119165 0.025516517 0.5740402 0.10304629 | OK | NA | none | ok
000105 | 1 | 4375.00 | camera_optical_frame | 1.000000 | 34.264596 | 0.82298625 0.026466131 0.5599557 0.091884784 | OK | NA | none | ok
000106 | 1 | 4416.67 | camera_optical_frame | 1.000000 | 31.784914 | 0.84213775 0.019642938 0.53287405 0.080395624 | OK | NA | none | ok
000107 | 1 | 4458.33 | camera_optical_frame | 1.000000 | 29.465003 | 0.86184883 0.012610761 0.5024327 0.06796322 | OK | NA | none | ok
000108 | 1 | 4500.00 | camera_optical_frame | 1.000000 | 21.646426 | 0.90430474 0.014778277 0.4238109 0.048977837 | OK | NA | none | ok
000109 | 1 | 4541.67 | camera_optical_frame | 1.000000 | 21.093937 | 0.92178786 0.013158073 0.38553643 0.038673855 | OK | NA | none | ok
000110 | 1 | 4583.33 | camera_optical_frame | 1.000000 | 17.663436 | 0.9407606 0.012110893 0.3374135 0.03122586 | OK | NA | none | ok
000111 | 1 | 4625.00 | camera_optical_frame | 1.000000 | 22.919222 | 0.9290979 0.01194783 0.36828548 0.03162795 | OK | NA | none | ok
000112 | 1 | 4666.67 | camera_optical_frame | 1.000000 | 17.793910 | 0.9432605 0.00947408 0.33079934 0.027235823 | OK | NA | none | ok
000113 | 1 | 4708.33 | camera_optical_frame | 1.000000 | 19.212041 | 0.9442264 0.0056757103 0.32817116 0.026609661 | OK | NA | none | ok
000114 | 1 | 4750.00 | camera_optical_frame | 1.000000 | 14.309286 | 0.9599956 0.0037255287 0.2792187 0.020771872 | OK | NA | none | ok
000115 | 1 | 4791.67 | camera_optical_frame | 1.000000 | 12.445376 | 0.97068036 0.0007516154 0.23984206 0.01597093 | OK | NA | none | ok
000116 | 1 | 4833.33 | camera_optical_frame | 1.000000 | 6.416991 | 0.9866276 0.000119045806 0.16265376 0.010482411 | OK | NA | none | ok
000117 | 1 | 4875.00 | camera_optical_frame | 1.000000 | 6.645947 | 0.9909586 -5.5545217e-05 0.13390058 0.008469982 | OK | NA | none | ok
000118 | 1 | 4916.67 | camera_optical_frame | 1.000000 | 4.679905 | 0.9947193 0.00020128148 0.10237926 0.007207944 | OK | NA | none | ok
000119 | 1 | 4958.33 | camera_optical_frame | 1.000000 | 4.233072 | 0.9964128 2.6272255e-05 0.08433952 0.006954482 | OK | NA | none | ok
000120 | 1 | 5000.00 | camera_optical_frame | 1.000000 | 2.206417 | 0.99834895 0.0001716901 0.05720331 0.0052220137 | OK | NA | none | ok
000121 | 1 | 5041.67 | camera_optical_frame | 1.000000 | 1.349561 | 0.99930954 9.74036e-05 0.03699584 0.0034256997 | OK | NA | none | ok
000122 | 1 | 5083.33 | camera_optical_frame | 1.000000 | -1.925303 | 0.9999902 -0.0001116061 -0.0044271015 -8.073577e-05 | OK | NA | none | ok
000123 | 1 | 5125.00 | camera_optical_frame | 1.000000 | -3.067809 | 0.99945205 -0.00037080338 -0.033055983 -0.0016826878 | OK | NA | none | ok
000124 | 1 | 5166.67 | camera_optical_frame | 1.000000 | -3.889492 | 0.99859494 -0.0008092712 -0.052933037 -0.002370794 | OK | NA | none | ok
000125 | 1 | 5208.33 | camera_optical_frame | 1.000000 | -0.594317 | 0.99963796 -0.00040363846 -0.026878305 -0.0011229159 | OK | NA | none | ok
000126 | 1 | 5250.00 | camera_optical_frame | 1.000000 | 2.814303 | 0.99982023 0.0005376788 0.018954143 -0.00019543184 | OK | NA | none | ok
000127 | 1 | 5291.67 | camera_optical_frame | 1.000000 | 3.888520 | 0.99883795 0.0011313299 0.048181254 -0.00023094569 | OK | NA | none | ok
000128 | 1 | 5333.33 | camera_optical_frame | 1.000000 | 3.433939 | 0.99850154 0.0014675853 0.05470209 -0.00060502527 | OK | NA | none | ok
000129 | 1 | 5375.00 | camera_optical_frame | 1.000000 | 3.382249 | 0.998387 0.0013869032 0.056751627 -0.00088334887 | OK | NA | none | ok
000130 | 1 | 5416.67 | camera_optical_frame | 1.000000 | 4.184332 | 0.9977998 0.0014196147 0.066280454 -0.0007136177 | OK | NA | none | ok
000131 | 1 | 5458.33 | camera_optical_frame | 1.000000 | 6.569782 | 0.99544126 0.0019064138 0.095357254 0.000252992 | OK | NA | none | ok
000132 | 1 | 5500.00 | camera_optical_frame | 1.000000 | 11.638021 | 0.98719984 0.0016412287 0.15946348 0.0022855198 | OK | NA | none | ok
000133 | 1 | 5541.67 | camera_optical_frame | 1.000000 | 13.994818 | 0.97793823 0.0005037751 0.20884241 0.0046313605 | OK | NA | none | ok
000134 | 1 | 5583.33 | camera_optical_frame | 1.000000 | 18.198230 | 0.96260643 -0.0009766328 0.2708082 0.0071369256 | OK | NA | none | ok
000135 | 1 | 5625.00 | camera_optical_frame | 1.000000 | 21.809698 | 0.9437076 -0.0036053522 0.3305787 0.010991508 | OK | NA | none | ok
000136 | 1 | 5666.67 | camera_optical_frame | 1.000000 | 25.876715 | 0.91951716 -0.0066691637 0.39261872 0.017159265 | OK | NA | none | ok
000137 | 1 | 5708.33 | camera_optical_frame | 1.000000 | 27.463239 | 0.90185004 -0.007944209 0.4313791 0.02270486 | OK | NA | none | ok
000138 | 1 | 5750.00 | camera_optical_frame | 1.000000 | 30.762539 | 0.87825906 -0.007506247 0.47737038 0.026875678 | OK | NA | none | ok
000139 | 1 | 5791.67 | camera_optical_frame | 1.000000 | 33.025806 | 0.85647863 -0.009661689 0.5151718 0.030806642 | OK | NA | none | ok
000140 | 1 | 5833.33 | camera_optical_frame | 1.000000 | 35.786200 | 0.8312732 -0.010702344 0.55488986 0.031104963 | OK | NA | none | ok
000141 | 1 | 5875.00 | camera_optical_frame | 1.000000 | 37.295094 | 0.81159616 -0.012227504 0.58322495 0.031794887 | OK | NA | none | ok
000142 | 1 | 5916.67 | camera_optical_frame | 1.000000 | 40.548466 | 0.78277075 -0.017902637 0.6212313 0.031953078 | OK | NA | none | ok
000143 | 1 | 5958.33 | camera_optical_frame | 1.000000 | 45.488264 | 0.73822296 -0.0320941 0.67259413 0.04017412 | OK | NA | none | ok
000144 | 1 | 6000.00 | camera_optical_frame | 1.000000 | 54.001326 | 0.65625805 -0.060051564 0.75026697 0.053091433 | OK | NA | none | ok
000145 | 1 | 6041.67 | camera_optical_frame | 1.000000 | 66.575228 | 0.4056128 -0.029550865 0.3910721 0.8256316 | OK | NA | none | ok
000146 | 1 | 6083.33 | camera_optical_frame | 1.000000 | 81.096589 | 0.14477865 -0.018128943 0.19428885 0.9700322 | OK | NA | none | ok
000147 | 1 | 6125.00 | camera_optical_frame | 1.000000 | 95.070266 | -0.014404759 -0.025948014 0.14361852 0.989188 | OK | NA | none | ok
000148 | 1 | 6166.67 | camera_optical_frame | 1.000000 | 107.084161 | -0.1212772 -0.042741306 0.1415386 0.9815457 | OK | NA | none | ok
000149 | 1 | 6208.33 | camera_optical_frame | 1.000000 | 117.559651 | -0.20275521 -0.061840236 0.15089491 0.9655552 | OK | NA | none | ok
000150 | 1 | 6250.00 | camera_optical_frame | 1.000000 | 128.915897 | -0.27075392 -0.08050717 0.15579394 0.94654065 | OK | NA | none | ok
000151 | 1 | 6291.67 | camera_optical_frame | 1.000000 | 142.780566 | -0.30182266 -0.09158085 0.13408749 0.93943423 | OK | NA | none | ok
000152 | 1 | 6333.33 | camera_optical_frame | 1.000000 | 140.496492 | -0.3498213 -0.1047719 0.14708808 0.91924596 | OK | NA | none | ok
000153 | 1 | 6375.00 | camera_optical_frame | 1.000000 | 145.698161 | -0.36455676 -0.103985764 0.13877414 0.91489184 | OK | NA | none | ok
000154 | 1 | 6416.67 | camera_optical_frame | 1.000000 | 137.125969 | 0.08622812 -0.7800215 -0.055816464 0.6172647 | OK | NA | none | ok
000155 | 1 | 6458.33 | camera_optical_frame | 1.000000 | 135.556989 | 0.25690526 -0.9040859 -0.12402378 0.3181926 | OK | NA | none | ok
000156 | 1 | 6500.00 | camera_optical_frame | 1.000000 | 128.373449 | 0.27823398 -0.9333949 -0.14264502 0.17610301 | OK | NA | none | ok
000157 | 1 | 6541.67 | camera_optical_frame | 1.000000 | 130.401333 | 0.28539747 -0.9406138 -0.14442863 0.11372906 | OK | NA | none | ok
000158 | 1 | 6583.33 | camera_optical_frame | 1.000000 | 120.521934 | 0.27110985 -0.9470873 -0.15172918 0.080643386 | OK | NA | none | ok
000159 | 1 | 6625.00 | camera_optical_frame | 1.000000 | 120.931853 | 0.25465307 -0.9536955 -0.14712156 0.06302365 | OK | NA | none | ok
000160 | 1 | 6666.67 | camera_optical_frame | 1.000000 | 109.922325 | 0.19816175 -0.9703383 -0.12942614 0.049239367 | OK | NA | none | ok
000161 | 1 | 6708.33 | camera_optical_frame | 1.000000 | 121.744754 | 0.21661101 -0.96554863 -0.1334493 0.054652274 | OK | NA | none | ok
000162 | 1 | 6750.00 | camera_optical_frame | 1.000000 | 115.983214 | 0.19932306 -0.96964425 -0.1297192 0.056861576 | OK | NA | none | ok
000163 | 1 | 6791.67 | camera_optical_frame | 1.000000 | 130.335601 | 0.23921144 -0.9585997 -0.13573316 0.0737634 | OK | NA | none | ok
000164 | 1 | 6833.33 | camera_optical_frame | 1.000000 | 120.172432 | 0.20484623 -0.96872824 -0.123693824 0.06560052 | OK | NA | none | ok
000165 | 1 | 6875.00 | camera_optical_frame | 1.000000 | 131.489160 | 0.20155019 -0.9708775 -0.11111943 0.06653502 | OK | NA | none | ok
000166 | 1 | 6916.67 | camera_optical_frame | 1.000000 | 120.489597 | 0.16291842 -0.9801596 -0.09740904 0.057064794 | OK | NA | none | ok
000167 | 1 | 6958.33 | camera_optical_frame | 1.000000 | 137.842273 | 0.23094776 -0.9639108 -0.11196038 0.070739076 | OK | NA | none | ok
000168 | 1 | 7000.00 | camera_optical_frame | 1.000000 | 134.808743 | 0.27423474 -0.95013887 -0.12841515 0.07443827 | OK | NA | none | ok
000169 | 1 | 7041.67 | camera_optical_frame | 1.000000 | 142.477732 | -0.120778196 -0.61653084 0.031513523 0.7773734 | OK | NA | none | ok
000170 | 1 | 7083.33 | camera_optical_frame | 1.000000 | 141.251883 | -0.22818244 -0.31119913 0.07986776 0.91908056 | OK | NA | none | ok
000171 | 1 | 7125.00 | camera_optical_frame | 1.000000 | 142.677774 | -0.21787861 -0.16477957 0.07563923 0.95898664 | OK | NA | none | ok
000172 | 1 | 7166.67 | camera_optical_frame | 1.000000 | 138.865626 | -0.21856074 -0.10584252 0.08051985 0.9667188 | OK | NA | none | ok
000173 | 1 | 7208.33 | camera_optical_frame | 1.000000 | 142.158998 | -0.20031846 -0.07634752 0.07131245 0.9741448 | OK | NA | none | ok
000174 | 1 | 7250.00 | camera_optical_frame | 1.000000 | 141.571417 | -0.19456059 -0.062461417 0.06901751 0.9764637 | OK | NA | none | ok
000175 | 1 | 7291.67 | camera_optical_frame | 1.000000 | 145.149162 | -0.20415647 -0.058824334 0.068722755 0.97474974 | OK | NA | none | ok
000176 | 1 | 7333.33 | camera_optical_frame | 1.000000 | 145.750111 | -0.19476841 -0.052166343 0.06331292 0.97741264 | OK | NA | none | ok
000177 | 1 | 7375.00 | camera_optical_frame | 1.000000 | 146.603338 | -0.19790733 -0.04812457 0.06270532 0.97702855 | OK | NA | none | ok
000178 | 1 | 7416.67 | camera_optical_frame | 1.000000 | 148.124230 | -0.18706466 -0.04110367 0.056923036 0.9798353 | OK | NA | none | ok
000179 | 1 | 7458.33 | camera_optical_frame | 1.000000 | 152.511680 | -0.18790993 -0.037555683 0.051763438 0.98010206 | OK | NA | none | ok
000180 | 1 | 7500.00 | camera_optical_frame | 1.000000 | 153.928813 | -0.19891803 -0.035554986 0.051047 0.97803974 | OK | NA | none | ok
000181 | 1 | 7541.67 | camera_optical_frame | 1.000000 | 154.626000 | -0.2051585 -0.032433644 0.05035088 0.9768945 | OK | NA | none | ok
000182 | 1 | 7583.33 | camera_optical_frame | 1.000000 | 156.286695 | -0.18451513 -0.026804946 0.04260746 0.9815398 | OK | NA | none | ok
000183 | 1 | 7625.00 | camera_optical_frame | 1.000000 | 163.483838 | -0.16905244 -0.023585396 0.031739905 0.9848135 | OK | NA | none | ok
000184 | 1 | 7666.67 | camera_optical_frame | 1.000000 | 167.200649 | -0.13976613 -0.019262418 0.021268945 0.98976874 | OK | NA | none | ok
000185 | 1 | 7708.33 | camera_optical_frame | 1.000000 | 173.411346 | 0.021589465 0.001465587 0.81049687 0.58534324 | OK | NA | none | ok
000186 | 1 | 7750.00 | camera_optical_frame | 1.000000 | 179.352785 | 0.021423215 0.0020470116 0.9685326 0.24795462 | OK | NA | none | ok
000187 | 1 | 7791.67 | camera_optical_frame | 1.000000 | -179.478458 | 0.0038872012 0.0002704868 0.9949746 0.100052126 | OK | NA | none | ok
000188 | 1 | 7833.33 | camera_optical_frame | 1.000000 | -174.888067 | -0.06092279 -0.0070819673 0.99710584 0.04492484 | OK | NA | none | ok
000189 | 1 | 7875.00 | camera_optical_frame | 1.000000 | -174.193413 | -0.09569072 -0.010203246 0.9950441 0.025030436 | OK | NA | none | ok
000190 | 1 | 7916.67 | camera_optical_frame | 1.000000 | -177.090481 | -0.096684895 -0.009501374 0.9949214 0.026329068 | OK | NA | none | ok
000191 | 1 | 7958.33 | camera_optical_frame | 1.000000 | -174.406585 | -0.11632579 -0.0104936315 0.99280095 0.026543366 | OK | NA | none | ok
000192 | 1 | 8000.00 | camera_optical_frame | 1.000000 | -162.128518 | -0.018244576 -0.80864847 0.58800644 0.0017776815 | OK | NA | none | ok
000193 | 1 | 8041.67 | camera_optical_frame | 1.000000 | -155.274518 | 0.016579416 -0.9670014 0.25418845 -0.0046672923 | OK | NA | none | ok
000194 | 1 | 8083.33 | camera_optical_frame | 1.000000 | -135.876834 | -0.06707676 -0.9949463 0.07302428 0.015813475 | OK | NA | none | ok
000195 | 1 | 8125.00 | camera_optical_frame | 1.000000 | -121.103478 | -0.12707888 -0.99128264 -0.026765745 0.022211352 | OK | NA | none | ok
000196 | 1 | 8166.67 | camera_optical_frame | 1.000000 | -81.829805 | 0.101794176 -0.6450387 0.16836953 0.7383866 | OK | NA | none | ok
000197 | 1 | 8208.33 | camera_optical_frame | 1.000000 | -77.755051 | 0.07641849 -0.2872783 0.111453265 0.9482667 | OK | NA | none | ok
000198 | 1 | 8250.00 | camera_optical_frame | 1.000000 | -44.237680 | -0.5097309 -0.3376659 0.5921164 0.5249327 | OK | NA | none | ok
000199 | 1 | 8291.67 | camera_optical_frame | 1.000000 | -45.080002 | -0.6542884 -0.24221076 0.68441415 0.21170272 | OK | NA | none | ok
000200 | 1 | 8333.33 | camera_optical_frame | 1.000000 | -17.957645 | -0.86456287 -0.16593829 0.4669174 0.08356898 | OK | NA | none | ok
000201 | 1 | 8375.00 | camera_optical_frame | 1.000000 | -0.929720 | -0.976031 -0.07181553 0.20249653 0.03465881 | OK | NA | none | ok
000202 | 1 | 8416.67 | camera_optical_frame | 1.000000 | -6.014440 | -0.989172 -0.04199565 0.14002705 0.012948348 | OK | NA | none | ok
000203 | 1 | 8458.33 | camera_optical_frame | 1.000000 | -0.224805 | -0.9982885 -0.016776994 0.05578154 0.0052004857 | OK | NA | none | ok
000204 | 1 | 8500.00 | camera_optical_frame | 1.000000 | 4.387243 | -0.99975765 0.0010275072 -0.02192367 0.0017176584 | OK | NA | none | ok
000205 | 1 | 8541.67 | camera_optical_frame | 1.000000 | 10.815414 | -0.99308956 0.013790073 -0.11650605 -0.0030569937 | OK | NA | none | ok
000206 | 1 | 8583.33 | camera_optical_frame | 1.000000 | 15.432221 | -0.9793838 0.026547275 -0.20011638 -0.0074826395 | OK | NA | none | ok
000207 | 1 | 8625.00 | camera_optical_frame | 1.000000 | 18.763278 | -0.9641587 0.045424167 -0.2610796 -0.0131213255 | OK | NA | none | ok
000208 | 1 | 8666.67 | camera_optical_frame | 1.000000 | 11.501519 | -0.97658205 0.041583735 -0.21080714 -0.010896078 | OK | NA | none | ok
000209 | 1 | 8708.33 | camera_optical_frame | 1.000000 | 10.523493 | -0.98419285 0.042479075 -0.17162134 -0.010300995 | OK | NA | none | ok
000210 | 1 | 8750.00 | camera_optical_frame | 1.000000 | 16.731092 | -0.9768018 0.06403456 -0.20356643 -0.017847307 | OK | NA | none | ok
000211 | 1 | 8791.67 | camera_optical_frame | 1.000000 | 28.155179 | -0.9426389 0.1147965 -0.31092083 -0.039776087 | OK | NA | none | ok
000212 | 1 | 8833.33 | camera_optical_frame | 1.000000 | 27.792319 | -0.9246526 0.12551916 -0.35641432 -0.047239125 | OK | NA | none | ok
000213 | 1 | 8875.00 | camera_optical_frame | 1.000000 | 23.529934 | -0.93471676 0.11930182 -0.33187225 -0.043960042 | OK | NA | none | ok
000214 | 1 | 8916.67 | camera_optical_frame | 1.000000 | 19.217309 | -0.9530177 0.103738874 -0.2823172 -0.035951216 | OK | NA | none | ok
000215 | 1 | 8958.33 | camera_optical_frame | 1.000000 | 23.991391 | -0.94753456 0.11798508 -0.2941815 -0.041414298 | OK | NA | none | ok
000216 | 1 | 9000.00 | camera_optical_frame | 1.000000 | 34.304789 | -0.90480137 0.15477532 -0.3915178 -0.063976064 | OK | NA | none | ok
000217 | 1 | 9041.67 | camera_optical_frame | 1.000000 | 45.669375 | -0.82883155 0.21066585 -0.50798017 -0.10302636 | OK | NA | none | ok
000218 | 1 | 9083.33 | camera_optical_frame | 1.000000 | 55.306209 | -0.73162323 0.2593352 -0.6131218 -0.14681391 | OK | NA | none | ok
000219 | 1 | 9125.00 | camera_optical_frame | 1.000000 | 67.873451 | -0.5719157 0.06793169 -0.109557584 -0.8101202 | OK | NA | none | ok
000220 | 1 | 9166.67 | camera_optical_frame | 1.000000 | 71.008645 | -0.3530718 -0.015631633 0.113473535 -0.9285579 | OK | NA | none | ok
000221 | 1 | 9208.33 | camera_optical_frame | 1.000000 | 70.281757 | -0.25044134 -0.04762673 0.20041499 -0.9459623 | OK | NA | none | ok
000222 | 1 | 9250.00 | camera_optical_frame | 1.000000 | 79.438215 | -0.20830026 -0.052542042 0.20947087 -0.9539247 | OK | NA | none | ok
000223 | 1 | 9291.67 | camera_optical_frame | 1.000000 | 75.892689 | -0.20123187 -0.069982484 0.23293726 -0.94886696 | OK | NA | none | ok
000224 | 1 | 9333.33 | camera_optical_frame | 1.000000 | 80.772280 | -0.20939198 -0.084093094 0.2398454 -0.9442233 | OK | NA | none | ok
000225 | 1 | 9375.00 | camera_optical_frame | 1.000000 | 84.798535 | -0.20602606 -0.08369798 0.2239714 -0.94888604 | OK | NA | none | ok
000226 | 1 | 9416.67 | camera_optical_frame | 1.000000 | 83.506323 | -0.20891173 -0.0901555 0.22411293 -0.94762933 | OK | NA | none | ok
000227 | 1 | 9458.33 | camera_optical_frame | 1.000000 | 70.842402 | -0.1746855 -0.084775895 0.21146685 -0.95790386 | OK | NA | none | ok
000228 | 1 | 9500.00 | camera_optical_frame | 1.000000 | 67.383143 | -0.12085728 -0.05643786 0.15799814 -0.9783889 | OK | NA | none | ok
000229 | 1 | 9541.67 | camera_optical_frame | 1.000000 | 52.456068 | -0.5697609 0.1437516 -0.5101752 -0.628036 | OK | NA | none | ok
000230 | 1 | 9583.33 | camera_optical_frame | 1.000000 | 42.858904 | -0.7062533 0.15828708 -0.6226892 -0.29733783 | OK | NA | none | ok
000231 | 1 | 9625.00 | camera_optical_frame | 1.000000 | 46.137348 | -0.7068517 0.1393058 -0.6789521 -0.14134622 | OK | NA | none | ok
000232 | 1 | 9666.67 | camera_optical_frame | 1.000000 | 40.434243 | -0.7448045 0.118216544 -0.6518718 -0.07971425 | OK | NA | none | ok
000233 | 1 | 9708.33 | camera_optical_frame | 1.000000 | 43.210864 | -0.7400048 0.10924257 -0.661041 -0.059024863 | OK | NA | none | ok
000234 | 1 | 9750.00 | camera_optical_frame | 1.000000 | 43.421425 | -0.73707443 0.100176655 -0.6662401 -0.05301031 | OK | NA | none | ok
000235 | 1 | 9791.67 | camera_optical_frame | 1.000000 | 49.354961 | -0.6925545 0.11628847 -0.709723 -0.05602371 | OK | NA | none | ok
000236 | 1 | 9833.33 | camera_optical_frame | 1.000000 | 45.847929 | -0.7012941 0.114869334 -0.7013343 -0.05587322 | OK | NA | none | ok
000237 | 1 | 9875.00 | camera_optical_frame | 1.000000 | 56.814137 | -0.61395967 0.10534127 -0.78087467 -0.04681443 | OK | NA | none | ok
000238 | 1 | 9916.67 | camera_optical_frame | 1.000000 | 39.279353 | -0.71998644 0.071773104 -0.6884738 -0.049719166 | OK | NA | none | ok
000239 | 1 | 9958.33 | camera_optical_frame | 1.000000 | 42.096392 | -0.7343279 0.027694356 -0.677288 -0.035729602 | OK | NA | none | ok
000240 | 1 | 10000.00 | camera_optical_frame | 1.000000 | 47.348188 | -0.70231086 0.027063614 -0.7105387 -0.034087382 | OK | NA | none | ok
000241 | 1 | 10041.67 | camera_optical_frame | 1.000000 | 55.800828 | -0.6245873 0.05528391 -0.7776042 -0.046542127 | OK | NA | none | ok
000242 | 1 | 10083.33 | camera_optical_frame | 1.000000 | 53.729515 | -0.6081857 0.04675181 -0.79086787 -0.049522564 | OK | NA | none | ok
000243 | 1 | 10125.00 | camera_optical_frame | 1.000000 | 63.381757 | -0.40555552 0.02064547 -0.38261953 -0.82988 | OK | NA | none | ok
000244 | 1 | 10166.67 | camera_optical_frame | 1.000000 | 58.739604 | -0.5333573 0.05284853 -0.72879297 -0.42614314 | OK | NA | none | ok
000245 | 1 | 10208.33 | camera_optical_frame | 1.000000 | 64.326448 | -0.3262498 0.014353188 -0.26152447 -0.90827316 | OK | NA | none | ok
000246 | 1 | 10250.00 | camera_optical_frame | 1.000000 | 69.587496 | -0.21450521 -0.014356566 0.0063116923 -0.976597 | OK | NA | none | ok
000247 | 1 | 10291.67 | camera_optical_frame | 1.000000 | 80.950887 | -0.21437857 -0.045551833 0.15248877 -0.96369815 | OK | NA | none | ok
000248 | 1 | 10333.33 | camera_optical_frame | 1.000000 | 84.149339 | -0.23411536 -0.06455001 0.22605155 -0.9433578 | OK | NA | none | ok
000249 | 1 | 10375.00 | camera_optical_frame | 1.000000 | 88.579695 | -0.26481104 -0.082568415 0.26581454 -0.92325526 | OK | NA | none | ok
000250 | 1 | 10416.67 | camera_optical_frame | 1.000000 | 84.282674 | -0.27705225 -0.09528606 0.29720718 -0.9087522 | OK | NA | none | ok
000251 | 1 | 10458.33 | camera_optical_frame | 1.000000 | 91.921844 | 0.12184961 -0.7461115 -0.100767866 -0.6467736 | OK | NA | none | ok
000252 | 1 | 10500.00 | camera_optical_frame | 1.000000 | 92.523312 | 0.22777322 -0.89058864 -0.21209714 -0.33164164 | OK | NA | none | ok
000253 | 1 | 10541.67 | camera_optical_frame | 1.000000 | 102.277661 | 0.2625012 -0.92080855 -0.22220635 -0.18392695 | OK | NA | none | ok
000254 | 1 | 10583.33 | camera_optical_frame | 1.000000 | 109.300686 | 0.17828843 -0.97038627 -0.14088835 -0.08194021 | OK | NA | none | ok
000255 | 1 | 10625.00 | camera_optical_frame | 1.000000 | 115.150954 | 0.14241259 -0.9837503 -0.101432696 -0.04081013 | OK | NA | none | ok
000256 | 1 | 10666.67 | camera_optical_frame | 1.000000 | 101.881297 | 0.0672482 -0.9963887 -0.048922904 -0.0171466 | OK | NA | none | ok
000257 | 1 | 10708.33 | camera_optical_frame | 1.000000 | 104.550850 | 0.12645735 -0.9866183 -0.09780915 -0.032037206 | OK | NA | none | ok
000258 | 1 | 10750.00 | camera_optical_frame | 1.000000 | 82.267264 | 0.11310129 -0.98670477 -0.112790115 -0.030003056 | OK | NA | none | ok
000259 | 1 | 10791.67 | camera_optical_frame | 1.000000 | 80.001751 | 0.18047976 -0.957162 -0.21501559 -0.07096679 | OK | NA | none | ok
000260 | 1 | 10833.33 | camera_optical_frame | 1.000000 | 58.678878 | -0.3295677 -0.51610184 -0.7775873 -0.14276604 | OK | NA | none | ok
000261 | 1 | 10875.00 | camera_optical_frame | 1.000000 | 65.191403 | -0.06488382 -0.8674521 -0.4844377 -0.09293647 | OK | NA | none | ok
000262 | 1 | 10916.67 | camera_optical_frame | 1.000000 | 56.642952 | -0.45540988 -0.35213313 -0.8043502 -0.14705427 | OK | NA | none | ok
000263 | 1 | 10958.33 | camera_optical_frame | 1.000000 | 55.465038 | -0.5998838 -0.00935933 -0.7812556 -0.17231227 | OK | NA | none | ok
000264 | 1 | 11000.00 | camera_optical_frame | 1.000000 | 69.089957 | -0.49495283 -0.056464277 -0.21932054 -0.8388874 | OK | NA | none | ok
000265 | 1 | 11041.67 | camera_optical_frame | 1.000000 | 67.088303 | -0.59714615 0.21839164 -0.53307617 -0.558168 | OK | NA | none | ok
000266 | 1 | 11083.33 | camera_optical_frame | 1.000000 | 65.172939 | -0.56220984 0.26754463 -0.6933792 -0.3627193 | OK | NA | none | ok
000267 | 1 | 11125.00 | camera_optical_frame | 1.000000 | 71.195907 | -0.53852165 0.35433406 -0.6891278 -0.33097538 | OK | NA | none | ok
000268 | 1 | 11166.67 | camera_optical_frame | 1.000000 | 80.177044 | -0.50458634 0.091241404 -0.11747043 -0.8504518 | OK | NA | none | ok
000269 | 1 | 11208.33 | camera_optical_frame | 1.000000 | 36.253038 | -0.80139977 0.17762972 -0.35511813 -0.44732225 | OK | NA | none | ok
000270 | 1 | 11250.00 | camera_optical_frame | 1.000000 | 30.107181 | -0.87427217 0.15049109 -0.40562105 -0.2201642 | OK | NA | none | ok
000271 | 1 | 11291.67 | camera_optical_frame | 1.000000 | 23.973059 | -0.9208541 0.12930445 -0.3487668 -0.11691827 | OK | NA | none | ok
000272 | 1 | 11333.33 | camera_optical_frame | 1.000000 | 38.850718 | -0.85875785 0.13546911 -0.48519358 -0.09365066 | OK | NA | none | ok
000273 | 1 | 11375.00 | camera_optical_frame | 1.000000 | 34.406803 | -0.86381286 0.15359773 -0.47227156 -0.084821545 | OK | NA | none | ok
000274 | 1 | 11416.67 | camera_optical_frame | 1.000000 | 19.333243 | -0.9300896 0.11218615 -0.3456289 -0.053743444 | OK | NA | none | ok
000275 | 1 | 11458.33 | camera_optical_frame | 1.000000 | 9.449596 | -0.97819495 0.06501677 -0.19525164 -0.028006269 | OK | NA | none | ok
000276 | 1 | 11500.00 | camera_optical_frame | 1.000000 | 5.045944 | -0.9943347 0.032260228 -0.10039207 -0.013392901 | OK | NA | none | ok
000277 | 1 | 11541.67 | camera_optical_frame | 1.000000 | 10.146816 | -0.9953548 0.03135036 -0.09018815 -0.012336619 | OK | NA | none | ok
000278 | 1 | 11583.33 | camera_optical_frame | 1.000000 | 13.696171 | -0.98964375 0.040847044 -0.13645247 -0.017819943 | OK | NA | none | ok
000279 | 1 | 11625.00 | camera_optical_frame | 1.000000 | 4.142596 | -0.99895424 0.01287047 -0.04354136 -0.0053858515 | OK | NA | none | ok
000280 | 1 | 11666.67 | camera_optical_frame | 1.000000 | 2.803167 | -0.9997957 -0.007535713 0.018322999 0.004015635 | OK | NA | none | ok
000281 | 1 | 11708.33 | camera_optical_frame | 1.000000 | 15.660091 | -0.9987377 0.020785749 -0.044512745 -0.010473038 | OK | NA | none | ok
000282 | 1 | 11750.00 | camera_optical_frame | 1.000000 | 18.012290 | -0.99783784 0.029741839 -0.056645002 -0.015046723 | OK | NA | none | ok
000283 | 1 | 11791.67 | camera_optical_frame | 1.000000 | 16.397257 | -0.99806464 0.026400179 -0.05424534 -0.015085 | OK | NA | none | ok
000284 | 1 | 11833.33 | camera_optical_frame | 1.000000 | 19.992180 | -0.99622816 0.036434095 -0.07548348 -0.02245659 | OK | NA | none | ok
000285 | 1 | 11875.00 | camera_optical_frame | 1.000000 | 52.199913 | -0.9550157 0.1684169 -0.2147213 -0.11608417 | OK | NA | none | ok
000286 | 1 | 11916.67 | camera_optical_frame | 1.000000 | 45.065769 | -0.9447992 0.17402762 -0.2467111 -0.12728941 | OK | NA | none | ok
000287 | 1 | 11958.33 | camera_optical_frame | 1.000000 | 88.981576 | -0.75166273 0.39019963 -0.3890711 -0.36245164 | OK | NA | none | ok
000288 | 1 | 12000.00 | camera_optical_frame | 1.000000 | 126.818594 | -0.5101302 0.09189808 -0.85370404 -0.050114516 | OK | NA | none | ok
000289 | 1 | 12041.67 | camera_optical_frame | 1.000000 | 136.026456 | -0.29151195 -0.0104867 -0.95557845 0.04219772 | OK | NA | none | ok
000290 | 1 | 12083.33 | camera_optical_frame | 1.000000 | 174.497653 | -0.05022075 0.022181842 -0.9984849 -0.0037024114 | OK | NA | none | ok
000291 | 1 | 12125.00 | camera_optical_frame | 1.000000 | 171.505900 | -0.03454686 0.0029965616 -0.9993986 0.000266655 | OK | NA | none | ok
000292 | 1 | 12166.67 | camera_optical_frame | 1.000000 | 174.813919 | 0.009599907 0.013733677 -0.58875394 -0.8081386 | OK | NA | none | ok
000293 | 1 | 12208.33 | camera_optical_frame | 1.000000 | 175.345943 | 0.009098287 0.008121481 -0.24932025 -0.9683443 | OK | NA | none | ok
000294 | 1 | 12250.00 | camera_optical_frame | 1.000000 | 174.671247 | 0.035036817 0.019265514 -0.10223629 -0.99395627 | OK | NA | none | ok
000295 | 1 | 12291.67 | camera_optical_frame | 1.000000 | -177.640428 | -0.043787066 -0.025022777 -0.82705516 -0.55985385 | OK | NA | none | ok
000296 | 1 | 12333.33 | camera_optical_frame | 1.000000 | 168.887321 | -0.16591161 -0.09214561 -0.94678587 -0.25995976 | OK | NA | none | ok
000297 | 1 | 12375.00 | camera_optical_frame | 1.000000 | 154.635952 | -0.0043007135 -0.003476251 -0.5072823 -0.86176217 | OK | NA | none | ok
000298 | 1 | 12416.67 | camera_optical_frame | 1.000000 | 155.884891 | 0.13035727 0.067763686 -0.24185285 -0.95912576 | OK | NA | none | ok
000299 | 1 | 12458.33 | camera_optical_frame | 1.000000 | 162.834936 | 0.11313536 0.060110115 -0.10611746 -0.9860661 | OK | NA | none | ok
000300 | 1 | 12500.00 | camera_optical_frame | 1.000000 | 166.649490 | 0.15140694 0.07779423 -0.05789359 -0.9837034 | OK | NA | none | ok
000301 | 1 | 12541.67 | camera_optical_frame | 1.000000 | -175.932114 | 0.0048871785 0.00095427036 -0.8176614 -0.575678 | OK | NA | none | ok
000302 | 1 | 12583.33 | camera_optical_frame | 1.000000 | 174.853274 | 0.0354848 0.017482271 -0.37510756 -0.9261369 | OK | NA | none | ok
000303 | 1 | 12625.00 | camera_optical_frame | 1.000000 | 178.505883 | 0.022847777 0.011465735 -0.15332887 -0.9878446 | OK | NA | none | ok
000304 | 1 | 12666.67 | camera_optical_frame | 1.000000 | 167.804513 | 0.09137868 0.040301047 -0.07170714 -0.99241316 | OK | NA | none | ok
000305 | 1 | 12708.33 | camera_optical_frame | 1.000000 | 169.759428 | 0.06464505 0.028978325 -0.031063922 -0.9970037 | OK | NA | none | ok
000306 | 1 | 12750.00 | camera_optical_frame | 1.000000 | 167.994475 | 0.0465267 0.020541836 -0.014379502 -0.9986023 | OK | NA | none | ok
000307 | 1 | 12791.67 | camera_optical_frame | 1.000000 | 179.954495 | -0.10373103 -0.056259204 -0.78977644 -0.6019368 | OK | NA | none | ok
000308 | 1 | 12833.33 | camera_optical_frame | 1.000000 | 176.730571 | -0.16577622 -0.08955884 -0.9416435 -0.27893564 | OK | NA | none | ok
000309 | 1 | 12875.00 | camera_optical_frame | 1.000000 | -108.225158 | -0.0026027858 0.025809266 -0.9969619 -0.073444575 | OK | NA | none | ok
000310 | 1 | 12916.67 | camera_optical_frame | 1.000000 | -119.897626 | -0.014974449 -0.0020872655 -0.99912995 -0.03886903 | OK | NA | none | ok
000311 | 1 | 12958.33 | camera_optical_frame | 1.000000 | -100.951435 | 0.0455633 0.058230344 -0.99682313 0.029612806 | OK | NA | none | ok
000312 | 1 | 13000.00 | camera_optical_frame | 1.000000 | -93.586917 | 0.13575621 0.17003863 -0.96849865 0.12110954 | OK | NA | none | ok
000313 | 1 | 13041.67 | camera_optical_frame | 1.000000 | -94.576805 | 0.21155442 0.24656098 -0.9290668 0.17688222 | OK | NA | none | ok
000314 | 1 | 13083.33 | camera_optical_frame | 1.000000 | -122.000139 | 0.2214253 0.19641551 -0.94576186 0.13388906 | OK | NA | none | ok
000315 | 1 | 13125.00 | camera_optical_frame | 1.000000 | -124.072880 | 0.21250312 0.16644311 -0.9570111 0.106154904 | OK | NA | none | ok
000316 | 1 | 13166.67 | camera_optical_frame | 1.000000 | -125.773395 | 0.11687441 0.09147645 -0.9871255 0.059629075 | OK | NA | none | ok
000317 | 1 | 13208.33 | camera_optical_frame | 1.000000 | -127.487856 | 0.053571414 0.041959535 -0.9972956 0.02776691 | OK | NA | none | ok
000318 | 1 | 13250.00 | camera_optical_frame | 1.000000 | -151.512367 | -0.08261904 -0.055008918 -0.9940958 -0.043836337 | OK | NA | none | ok
000319 | 1 | 13291.67 | camera_optical_frame | 1.000000 | -167.264960 | -0.19125354 -0.12102778 -0.9692534 -0.09655154 | OK | NA | none | ok
000320 | 1 | 13333.33 | camera_optical_frame | 1.000000 | -174.588756 | -0.21097481 -0.121875085 -0.9658254 -0.08841663 | OK | NA | none | ok
000321 | 1 | 13375.00 | camera_optical_frame | 1.000000 | 176.129132 | -0.2078419 -0.10626123 -0.9703261 -0.06306742 | OK | NA | none | ok
000322 | 1 | 13416.67 | camera_optical_frame | 1.000000 | -179.628616 | -0.15109621 -0.07481657 -0.98503566 -0.03573785 | OK | NA | none | ok
000323 | 1 | 13458.33 | camera_optical_frame | 1.000000 | -170.733516 | -0.09559036 -0.04685846 -0.99407685 -0.02186234 | OK | NA | none | ok
000324 | 1 | 13500.00 | camera_optical_frame | 1.000000 | 174.479778 | -0.17395394 -0.079477504 -0.9807211 -0.04011761 | OK | NA | none | ok
000325 | 1 | 13541.67 | camera_optical_frame | 1.000000 | 169.272955 | -0.22380152 -0.09196766 -0.9692242 -0.045380242 | OK | NA | none | ok
000326 | 1 | 13583.33 | camera_optical_frame | 1.000000 | -162.654422 | -0.14275113 -0.06347904 -0.98691773 -0.03982492 | OK | NA | none | ok
000327 | 1 | 13625.00 | camera_optical_frame | 1.000000 | 170.896127 | -0.226302 -0.087736666 -0.96807545 -0.062607 | OK | NA | none | ok
000328 | 1 | 13666.67 | camera_optical_frame | 1.000000 | -178.210411 | -0.21134649 -0.08437362 -0.97134304 -0.068604074 | OK | NA | none | ok
000329 | 1 | 13708.33 | camera_optical_frame | 1.000000 | -175.388477 | -0.1915509 -0.07401947 -0.97595096 -0.07313796 | OK | NA | none | ok
000330 | 1 | 13750.00 | camera_optical_frame | 1.000000 | 165.557974 | -0.291303 -0.090412036 -0.94701093 -0.100690275 | OK | NA | none | ok
000331 | 1 | 13791.67 | camera_optical_frame | 1.000000 | 161.488084 | 0.14226481 -0.7703917 -0.6196805 0.04747061 | OK | NA | none | ok
000332 | 1 | 13833.33 | camera_optical_frame | 1.000000 | 151.111926 | 0.2425881 -0.9123587 -0.31993034 0.07998278 | OK | NA | none | ok
000333 | 1 | 13875.00 | camera_optical_frame | 1.000000 | 148.837274 | 0.2487299 -0.94720554 -0.18256673 0.08720416 | OK | NA | none | ok
000334 | 1 | 13916.67 | camera_optical_frame | 1.000000 | 144.872330 | 0.21040426 -0.9676021 -0.11635904 0.07705101 | OK | NA | none | ok
000335 | 1 | 13958.33 | camera_optical_frame | 1.000000 | 121.455186 | 0.056510217 -0.99774253 -0.029678142 0.020874446 | OK | NA | none | ok
000336 | 1 | 14000.00 | camera_optical_frame | 1.000000 | 101.497718 | -0.03289585 -0.998876 0.034081195 -0.0017702011 | OK | NA | none | ok
000337 | 1 | 14041.67 | camera_optical_frame | 1.000000 | 80.525749 | 0.00013733098 -0.58830655 -0.002874261 -0.8086329 | OK | NA | none | ok
000338 | 1 | 14083.33 | camera_optical_frame | 1.000000 | 63.704893 | 0.005782607 -0.9295739 -0.01055155 -0.3684395 | OK | NA | none | ok
000339 | 1 | 14125.00 | camera_optical_frame | 1.000000 | 57.160566 | 0.44829655 -0.5842704 0.65909106 -0.15250343 | OK | NA | none | ok
000340 | 1 | 14166.67 | camera_optical_frame | 1.000000 | 52.531794 | 0.57863206 -0.2859063 0.7637105 -0.013743591 | OK | NA | none | ok
000341 | 1 | 14208.33 | camera_optical_frame | 1.000000 | 49.653646 | 0.6354625 -0.15990782 0.75394344 0.04675679 | OK | NA | none | ok
000342 | 1 | 14250.00 | camera_optical_frame | 1.000000 | 50.076803 | 0.65122116 -0.11338132 0.7469597 0.07146302 | OK | NA | none | ok
000343 | 1 | 14291.67 | camera_optical_frame | 1.000000 | 46.605971 | 0.68207514 -0.09125936 0.7219126 0.07271437 | OK | NA | none | ok
000344 | 1 | 14333.33 | camera_optical_frame | 1.000000 | 42.365139 | 0.72408503 -0.08430142 0.6814977 0.064460486 | OK | NA | none | ok
000345 | 1 | 14375.00 | camera_optical_frame | 1.000000 | 39.029433 | 0.76160884 -0.079365894 0.640969 0.05302661 | OK | NA | none | ok
000346 | 1 | 14416.67 | camera_optical_frame | 1.000000 | 34.013521 | 0.8067914 -0.07298676 0.5849131 0.040463887 | OK | NA | none | ok
000347 | 1 | 14458.33 | camera_optical_frame | 1.000000 | 30.178577 | 0.844495 -0.06623185 0.5306904 0.028449392 | OK | NA | none | ok
000348 | 1 | 14500.00 | camera_optical_frame | 1.000000 | 29.072541 | 0.8638941 -0.060393773 0.4995901 0.021195894 | OK | NA | none | ok
000349 | 1 | 14541.67 | camera_optical_frame | 1.000000 | 28.750014 | 0.8729191 -0.057979435 0.48407462 0.017956167 | OK | NA | none | ok
000350 | 1 | 14583.33 | camera_optical_frame | 1.000000 | 29.673026 | 0.8715241 -0.06011952 0.48638463 0.016168766 | OK | NA | none | ok
000351 | 1 | 14625.00 | camera_optical_frame | 1.000000 | 30.220986 | 0.8684915 -0.066863835 0.49087572 0.017113665 | OK | NA | none | ok
000352 | 1 | 14666.67 | camera_optical_frame | 1.000000 | 27.579204 | 0.882136 -0.07184538 0.46504384 0.020213682 | OK | NA | none | ok
000353 | 1 | 14708.33 | camera_optical_frame | 1.000000 | 22.413265 | 0.9119436 -0.06927319 0.40393066 0.02000276 | OK | NA | none | ok
000354 | 1 | 14750.00 | camera_optical_frame | 1.000000 | 16.903214 | 0.94219965 -0.06115883 0.32913908 0.013675101 | OK | NA | none | ok
000355 | 1 | 14791.67 | camera_optical_frame | 1.000000 | 11.782226 | 0.9662209 -0.050090827 0.2527175 0.006479309 | OK | NA | none | ok
000356 | 1 | 14833.33 | camera_optical_frame | 1.000000 | 6.148624 | 0.98531705 -0.034831375 0.16712889 0.0022527955 | OK | NA | none | ok
000357 | 1 | 14875.00 | camera_optical_frame | 1.000000 | 0.091621 | 0.9971172 -0.015689163 0.07423376 0.0007418502 | OK | NA | none | ok
000358 | 1 | 14916.67 | camera_optical_frame | 1.000000 | -4.122229 | 0.9999893 0.0025875873 -0.0035773995 0.0013949305 | OK | NA | none | ok
000359 | 1 | 14958.33 | camera_optical_frame | 1.000000 | -6.144835 | 0.99856657 0.015333975 -0.051203933 0.0028137919 | OK | NA | none | ok
000360 | 1 | 15000.00 | camera_optical_frame | 1.000000 | -9.640746 | 0.9946068 0.029517671 -0.09922667 0.0063360296 | OK | NA | none | ok
000361 | 1 | 15041.67 | camera_optical_frame | 1.000000 | -14.211205 | 0.9876099 0.044200387 -0.14983855 0.01488114 | OK | NA | none | ok
000362 | 1 | 15083.33 | camera_optical_frame | 1.000000 | -18.280397 | 0.9766661 0.057678495 -0.20528418 0.025592614 | OK | NA | none | ok
000363 | 1 | 15125.00 | camera_optical_frame | 1.000000 | -21.244372 | 0.9615309 0.06998109 -0.26365778 0.03233467 | OK | NA | none | ok
000364 | 1 | 15166.67 | camera_optical_frame | 1.000000 | -24.043267 | 0.9418795 0.078557275 -0.32482505 0.034358453 | OK | NA | none | ok
000365 | 1 | 15208.33 | camera_optical_frame | 1.000000 | -25.347267 | 0.9249494 0.08077529 -0.37006894 0.03151147 | OK | NA | none | ok
000366 | 1 | 15250.00 | camera_optical_frame | 1.000000 | -26.977729 | 0.9084216 0.080846936 -0.4092818 0.026879534 | OK | NA | none | ok
000367 | 1 | 15291.67 | camera_optical_frame | 1.000000 | -27.159588 | 0.8992219 0.07600904 -0.4302963 0.021629935 | OK | NA | none | ok
000368 | 1 | 15333.33 | camera_optical_frame | 1.000000 | -27.436160 | 0.89302456 0.067222774 -0.44467902 0.015773762 | OK | NA | none | ok
000369 | 1 | 15375.00 | camera_optical_frame | 1.000000 | -28.636573 | 0.8839918 0.05691587 -0.4639179 0.0099719735 | OK | NA | none | ok
000370 | 1 | 15416.67 | camera_optical_frame | 1.000000 | -30.527464 | 0.8703622 0.047080133 -0.49013546 0.004515512 | OK | NA | none | ok
000371 | 1 | 15458.33 | camera_optical_frame | 1.000000 | -30.823198 | 0.86308646 0.038348656 -0.503598 0.00046088535 | OK | NA | none | ok
000372 | 1 | 15500.00 | camera_optical_frame | 1.000000 | -31.149235 | 0.8581819 0.03348295 -0.5122361 -0.0041069747 | OK | NA | none | ok
000373 | 1 | 15541.67 | camera_optical_frame | 1.000000 | -31.069601 | 0.85650504 0.030277334 -0.5151726 -0.008917025 | OK | NA | none | ok
000374 | 1 | 15583.33 | camera_optical_frame | 1.000000 | -32.218925 | 0.84977084 0.025152575 -0.5263994 -0.012668683 | OK | NA | none | ok
000375 | 1 | 15625.00 | camera_optical_frame | 1.000000 | -32.775521 | 0.8439877 0.022000069 -0.5356556 -0.016549643 | OK | NA | none | ok
000376 | 1 | 15666.67 | camera_optical_frame | 1.000000 | -33.332041 | 0.83849 0.020973817 -0.54414755 -0.01995148 | OK | NA | none | ok
000377 | 1 | 15708.33 | camera_optical_frame | 1.000000 | -30.866236 | 0.84979486 0.023051295 -0.5261132 -0.022849685 | OK | NA | none | ok
000378 | 1 | 15750.00 | camera_optical_frame | 1.000000 | -26.058623 | 0.8783419 0.027967837 -0.47656566 -0.024870152 | OK | NA | none | ok
000379 | 1 | 15791.67 | camera_optical_frame | 1.000000 | -20.258035 | 0.9140813 0.03062518 -0.4036383 -0.024366802 | OK | NA | none | ok
000380 | 1 | 15833.33 | camera_optical_frame | 1.000000 | -16.733030 | 0.93951577 0.030881701 -0.34044036 -0.021373399 | OK | NA | none | ok
000381 | 1 | 15875.00 | camera_optical_frame | 1.000000 | -10.782634 | 0.9656161 0.026408892 -0.25798586 -0.018206554 | OK | NA | none | ok
000382 | 1 | 15916.67 | camera_optical_frame | 1.000000 | -7.914355 | 0.9801192 0.022147797 -0.19660382 -0.014926752 | OK | NA | none | ok
000383 | 1 | 15958.33 | camera_optical_frame | 1.000000 | -3.957012 | 0.99097663 0.015649272 -0.13267915 -0.010804049 | OK | NA | none | ok
000384 | 1 | 16000.00 | camera_optical_frame | 1.000000 | -0.569742 | 0.99732846 0.008763983 -0.07227252 -0.005983321 | OK | NA | none | ok
000385 | 1 | 16041.67 | camera_optical_frame | 1.000000 | 2.837998 | 0.9999213 0.001381531 -0.012426671 -0.0009951012 | OK | NA | none | ok
000386 | 1 | 16083.33 | camera_optical_frame | 1.000000 | 4.980532 | 0.99937785 -0.0040902095 0.03490338 0.002980129 | OK | NA | none | ok
000387 | 1 | 16125.00 | camera_optical_frame | 1.000000 | 6.923865 | 0.9970188 -0.008861037 0.076453164 0.0054851277 | OK | NA | none | ok
000388 | 1 | 16166.67 | camera_optical_frame | 1.000000 | 8.834232 | 0.99348336 -0.012447948 0.11300793 0.008072851 | OK | NA | none | ok
000389 | 1 | 16208.33 | camera_optical_frame | 1.000000 | 11.784048 | 0.9873682 -0.017042937 0.15707614 0.011857795 | OK | NA | none | ok
000390 | 1 | 16250.00 | camera_optical_frame | 1.000000 | 14.292625 | 0.9797959 -0.022452615 0.19805968 0.016380297 | OK | NA | none | ok
000391 | 1 | 16291.67 | camera_optical_frame | 1.000000 | 15.354068 | 0.97376263 -0.026343951 0.22525658 0.01875863 | OK | NA | none | ok
000392 | 1 | 16333.33 | camera_optical_frame | 1.000000 | 16.084107 | 0.96902716 -0.028542206 0.24451013 0.019660013 | OK | NA | none | ok
000393 | 1 | 16375.00 | camera_optical_frame | 1.000000 | 16.840737 | 0.9642186 -0.030881744 0.262692 0.017938009 | OK | NA | none | ok
000394 | 1 | 16416.67 | camera_optical_frame | 1.000000 | 16.766445 | 0.961539 -0.031459298 0.2724963 0.014105063 | OK | NA | none | ok
000395 | 1 | 16458.33 | camera_optical_frame | 1.000000 | 15.484580 | 0.963484 -0.030225638 0.26588222 0.009575741 | OK | NA | none | ok
000396 | 1 | 16500.00 | camera_optical_frame | 1.000000 | 14.795200 | 0.96573675 -0.029159069 0.2578138 0.005865826 | OK | NA | none | ok
000397 | 1 | 16541.67 | camera_optical_frame | 1.000000 | 11.943017 | 0.97344875 -0.027099114 0.22728287 0.0023850538 | OK | NA | none | ok
000398 | 1 | 16583.33 | camera_optical_frame | 1.000000 | 11.610363 | 0.9766912 -0.02709226 0.21293294 -0.00012101689 | OK | NA | none | ok
000399 | 1 | 16625.00 | camera_optical_frame | 1.000000 | 14.163385 | 0.97156894 -0.03225246 0.23453529 -0.0026218877 | OK | NA | none | ok
000400 | 1 | 16666.67 | camera_optical_frame | 1.000000 | 18.652581 | 0.9563557 -0.042283665 0.28907833 -0.0054421155 | OK | NA | none | ok
000401 | 1 | 16708.33 | camera_optical_frame | 1.000000 | 24.667350 | 0.92857444 -0.057862036 0.36659837 -0.002683348 | OK | NA | none | ok
000402 | 1 | 16750.00 | camera_optical_frame | 1.000000 | 25.211077 | 0.9136964 -0.06211262 0.4016224 -0.0006278235 | OK | NA | none | ok
000403 | 1 | 16791.67 | camera_optical_frame | 1.000000 | 24.899515 | 0.90873307 -0.06295882 0.41260207 6.246866e-05 | OK | NA | none | ok
000404 | 1 | 16833.33 | camera_optical_frame | 1.000000 | 24.604029 | 0.90892386 -0.060457867 0.4125418 0.0033801824 | OK | NA | none | ok
000405 | 1 | 16875.00 | camera_optical_frame | 1.000000 | 24.647527 | 0.9099248 -0.068512246 0.40897867 0.008907823 | OK | NA | none | ok
000406 | 1 | 16916.67 | camera_optical_frame | 1.000000 | 20.192696 | 0.93021166 -0.06616628 0.36078686 0.012694607 | OK | NA | none | ok
000407 | 1 | 16958.33 | camera_optical_frame | 1.000000 | 15.808780 | 0.9543158 -0.06584675 0.29113853 0.013563016 | OK | NA | none | ok
000408 | 0 | 0.00 | camera_optical_frame | NA | NA | 0.000000 0.000000 0.000000 0.000000 | SKIP:no_person | NA | none | gap/no_person
